<?xml version="1.0" encoding="UTF-8"?>
<!-- Generated by org.testng.reporters.JUnitReportReporter -->
<testsuite skipped="0" hostname="W10D5WDSQ2" name="com.AtomationTalks.dempProject1.TestClass1" tests="3" failures="0" timestamp="2020-04-20T15:06:25 IST" time="8.551" errors="0">
  <testcase name="test1" time="4.753" classname="com.AtomationTalks.dempProject1.TestClass1"/>
  <system-out/>
  <testcase name="test3" time="1.491" classname="com.AtomationTalks.dempProject1.TestClass1"/>
  <system-out/>
  <testcase name="test2" time="2.307" classname="com.AtomationTalks.dempProject1.TestClass1"/>
  <system-out/>
</testsuite> <!-- com.AtomationTalks.dempProject1.TestClass1 -->
